<?xml version="1.0" encoding="UTF-8"?>
<coverage generated="1783709755330" clover="3.2.0">
  <project timestamp="1783709755330" name="All files">
    <metrics statements="36" coveredstatements="36" conditionals="8" coveredconditionals="8" methods="17" coveredmethods="17" elements="61" coveredelements="61" complexity="0" loc="36" ncloc="36" packages="6" files="10" classes="10"/>
    <package name="src">
      <metrics statements="2" coveredstatements="2" conditionals="0" coveredconditionals="0" methods="1" coveredmethods="1"/>
      <file name="App.jsx" path="/Users/devinbajaj/Desktop/projects/genpact-swe/portfolio-site/portfolio-site/src/App.jsx">
        <metrics statements="2" coveredstatements="2" conditionals="0" coveredconditionals="0" methods="1" coveredmethods="1"/>
        <line num="19" count="33" type="stmt"/>
        <line num="21" count="33" type="stmt"/>
      </file>
    </package>
    <package name="src.components">
      <metrics statements="20" coveredstatements="20" conditionals="4" coveredconditionals="4" methods="10" coveredmethods="10"/>
      <file name="AddProjectForm.jsx" path="/Users/devinbajaj/Desktop/projects/genpact-swe/portfolio-site/portfolio-site/src/components/AddProjectForm.jsx">
        <metrics statements="14" coveredstatements="14" conditionals="2" coveredconditionals="2" methods="4" coveredmethods="4"/>
        <line num="18" count="157" type="stmt"/>
        <line num="19" count="157" type="stmt"/>
        <line num="20" count="157" type="stmt"/>
        <line num="23" count="5" type="stmt"/>
        <line num="26" count="5" type="cond" truecount="2" falsecount="0"/>
        <line num="27" count="1" type="stmt"/>
        <line num="28" count="1" type="stmt"/>
        <line num="31" count="4" type="stmt"/>
        <line num="34" count="4" type="stmt"/>
        <line num="35" count="4" type="stmt"/>
        <line num="36" count="4" type="stmt"/>
        <line num="39" count="157" type="stmt"/>
        <line num="59" count="46" type="stmt"/>
        <line num="69" count="71" type="stmt"/>
      </file>
      <file name="Header.jsx" path="/Users/devinbajaj/Desktop/projects/genpact-swe/portfolio-site/portfolio-site/src/components/Header.jsx">
        <metrics statements="1" coveredstatements="1" conditionals="0" coveredconditionals="0" methods="1" coveredmethods="1"/>
        <line num="10" count="33" type="stmt"/>
      </file>
      <file name="ProjectCard.jsx" path="/Users/devinbajaj/Desktop/projects/genpact-swe/portfolio-site/portfolio-site/src/components/ProjectCard.jsx">
        <metrics statements="1" coveredstatements="1" conditionals="0" coveredconditionals="0" methods="1" coveredmethods="1"/>
        <line num="10" count="62" type="stmt"/>
      </file>
      <file name="ProjectList.jsx" path="/Users/devinbajaj/Desktop/projects/genpact-swe/portfolio-site/portfolio-site/src/components/ProjectList.jsx">
        <metrics statements="2" coveredstatements="2" conditionals="2" coveredconditionals="2" methods="2" coveredmethods="2"/>
        <line num="15" count="36" type="stmt"/>
        <line num="33" count="62" type="stmt"/>
      </file>
      <file name="SearchBar.jsx" path="/Users/devinbajaj/Desktop/projects/genpact-swe/portfolio-site/portfolio-site/src/components/SearchBar.jsx">
        <metrics statements="2" coveredstatements="2" conditionals="0" coveredconditionals="0" methods="2" coveredmethods="2"/>
        <line num="12" count="38" type="stmt"/>
        <line num="16" count="29" type="stmt"/>
      </file>
    </package>
    <package name="src.data">
      <metrics statements="1" coveredstatements="1" conditionals="0" coveredconditionals="0" methods="0" coveredmethods="0"/>
      <file name="initialProjects.js" path="/Users/devinbajaj/Desktop/projects/genpact-swe/portfolio-site/portfolio-site/src/data/initialProjects.js">
        <metrics statements="1" coveredstatements="1" conditionals="0" coveredconditionals="0" methods="0" coveredmethods="0"/>
        <line num="4" count="2" type="stmt"/>
      </file>
    </package>
    <package name="src.hooks">
      <metrics statements="10" coveredstatements="10" conditionals="4" coveredconditionals="4" methods="5" coveredmethods="5"/>
      <file name="useProjects.js" path="/Users/devinbajaj/Desktop/projects/genpact-swe/portfolio-site/portfolio-site/src/hooks/useProjects.js">
        <metrics statements="10" coveredstatements="10" conditionals="4" coveredconditionals="4" methods="5" coveredmethods="5"/>
        <line num="12" count="44" type="stmt"/>
        <line num="13" count="44" type="stmt"/>
        <line num="18" count="5" type="stmt"/>
        <line num="23" count="5" type="stmt"/>
        <line num="28" count="44" type="stmt"/>
        <line num="29" count="44" type="stmt"/>
        <line num="30" count="44" type="cond" truecount="2" falsecount="0"/>
        <line num="31" count="29" type="stmt"/>
        <line num="33" count="94" type="cond" truecount="2" falsecount="0"/>
        <line num="38" count="44" type="stmt"/>
      </file>
    </package>
    <package name="src.styles">
      <metrics statements="2" coveredstatements="2" conditionals="0" coveredconditionals="0" methods="0" coveredmethods="0"/>
      <file name="theme.js" path="/Users/devinbajaj/Desktop/projects/genpact-swe/portfolio-site/portfolio-site/src/styles/theme.js">
        <metrics statements="2" coveredstatements="2" conditionals="0" coveredconditionals="0" methods="0" coveredmethods="0"/>
        <line num="9" count="4" type="stmt"/>
        <line num="21" count="4" type="stmt"/>
      </file>
    </package>
    <package name="src.tests">
      <metrics statements="1" coveredstatements="1" conditionals="0" coveredconditionals="0" methods="1" coveredmethods="1"/>
      <file name="testUtils.jsx" path="/Users/devinbajaj/Desktop/projects/genpact-swe/portfolio-site/portfolio-site/src/tests/testUtils.jsx">
        <metrics statements="1" coveredstatements="1" conditionals="0" coveredconditionals="0" methods="1" coveredmethods="1"/>
        <line num="10" count="9" type="stmt"/>
      </file>
    </package>
  </project>
</coverage>
