{"/Users/devinbajaj/Desktop/projects/genpact-swe/portfolio-site/portfolio-site/src/App.jsx": {"path":"/Users/devinbajaj/Desktop/projects/genpact-swe/portfolio-site/portfolio-site/src/App.jsx","statementMap":{"0":{"start":{"line":19,"column":4},"end":{"line":19,"column":16}},"1":{"start":{"line":21,"column":2},"end":{"line":40,"column":null}}},"fnMap":{"0":{"name":"App","decl":{"start":{"line":17,"column":9},"end":{"line":17,"column":15}},"loc":{"start":{"line":17,"column":15},"end":{"line":42,"column":null}},"line":17}},"branchMap":{},"s":{"0":33,"1":33},"f":{"0":33},"b":{},"meta":{"lastBranch":0,"lastFunction":1,"lastStatement":2,"seen":{"f:17:9:17:15":0,"s:19:4:19:16":0,"s:21:2:40:Infinity":1},"fnNames":{}}}
,"/Users/devinbajaj/Desktop/projects/genpact-swe/portfolio-site/portfolio-site/src/components/AddProjectForm.jsx": {"path":"/Users/devinbajaj/Desktop/projects/genpact-swe/portfolio-site/portfolio-site/src/components/AddProjectForm.jsx","statementMap":{"0":{"start":{"line":18,"column":28},"end":{"line":18,"column":null}},"1":{"start":{"line":19,"column":40},"end":{"line":19,"column":null}},"2":{"start":{"line":20,"column":28},"end":{"line":20,"column":null}},"3":{"start":{"line":23,"column":4},"end":{"line":23,"column":null}},"4":{"start":{"line":26,"column":4},"end":{"line":29,"column":null}},"5":{"start":{"line":27,"column":6},"end":{"line":27,"column":null}},"6":{"start":{"line":28,"column":6},"end":{"line":28,"column":null}},"7":{"start":{"line":31,"column":4},"end":{"line":31,"column":null}},"8":{"start":{"line":34,"column":4},"end":{"line":34,"column":null}},"9":{"start":{"line":35,"column":4},"end":{"line":35,"column":null}},"10":{"start":{"line":36,"column":4},"end":{"line":36,"column":null}},"11":{"start":{"line":39,"column":2},"end":{"line":83,"column":null}},"12":{"start":{"line":59,"column":29},"end":{"line":59,"column":null}},"13":{"start":{"line":69,"column":29},"end":{"line":69,"column":null}}},"fnMap":{"0":{"name":"AddProjectForm","decl":{"start":{"line":17,"column":24},"end":{"line":17,"column":39}},"loc":{"start":{"line":17,"column":57},"end":{"line":85,"column":null}},"line":17},"1":{"name":"handleSubmit","decl":{"start":{"line":22,"column":11},"end":{"line":22,"column":24}},"loc":{"start":{"line":22,"column":31},"end":{"line":37,"column":null}},"line":22},"2":{"name":"(anonymous_2)","decl":{"start":{"line":59,"column":12},"end":{"line":59,"column":23}},"loc":{"start":{"line":59,"column":29},"end":{"line":59,"column":null}},"line":59},"3":{"name":"(anonymous_3)","decl":{"start":{"line":69,"column":12},"end":{"line":69,"column":23}},"loc":{"start":{"line":69,"column":29},"end":{"line":69,"column":null}},"line":69}},"branchMap":{"0":{"loc":{"start":{"line":26,"column":4},"end":{"line":29,"column":null}},"type":"if","locations":[{"start":{"line":26,"column":4},"end":{"line":29,"column":null}},{"start":{},"end":{}}],"line":26}},"s":{"0":157,"1":157,"2":157,"3":5,"4":5,"5":1,"6":1,"7":4,"8":4,"9":4,"10":4,"11":157,"12":46,"13":71},"f":{"0":157,"1":5,"2":46,"3":71},"b":{"0":[1,4]},"meta":{"lastBranch":1,"lastFunction":4,"lastStatement":14,"seen":{"f:17:24:17:39":0,"s:18:28:18:Infinity":0,"s:19:40:19:Infinity":1,"s:20:28:20:Infinity":2,"f:22:11:22:24":1,"s:23:4:23:Infinity":3,"b:26:4:29:Infinity:undefined:undefined:undefined:undefined":0,"s:26:4:29:Infinity":4,"s:27:6:27:Infinity":5,"s:28:6:28:Infinity":6,"s:31:4:31:Infinity":7,"s:34:4:34:Infinity":8,"s:35:4:35:Infinity":9,"s:36:4:36:Infinity":10,"s:39:2:83:Infinity":11,"f:59:12:59:23":2,"s:59:29:59:Infinity":12,"f:69:12:69:23":3,"s:69:29:69:Infinity":13},"fnNames":{}}}
,"/Users/devinbajaj/Desktop/projects/genpact-swe/portfolio-site/portfolio-site/src/components/Header.jsx": {"path":"/Users/devinbajaj/Desktop/projects/genpact-swe/portfolio-site/portfolio-site/src/components/Header.jsx","statementMap":{"0":{"start":{"line":10,"column":2},"end":{"line":39,"column":null}}},"fnMap":{"0":{"name":"Header","decl":{"start":{"line":9,"column":24},"end":{"line":9,"column":33}},"loc":{"start":{"line":9,"column":33},"end":{"line":41,"column":null}},"line":9}},"branchMap":{},"s":{"0":33},"f":{"0":33},"b":{},"meta":{"lastBranch":0,"lastFunction":1,"lastStatement":1,"seen":{"f:9:24:9:33":0,"s:10:2:39:Infinity":0},"fnNames":{}}}
,"/Users/devinbajaj/Desktop/projects/genpact-swe/portfolio-site/portfolio-site/src/components/ProjectCard.jsx": {"path":"/Users/devinbajaj/Desktop/projects/genpact-swe/portfolio-site/portfolio-site/src/components/ProjectCard.jsx","statementMap":{"0":{"start":{"line":10,"column":2},"end":{"line":45,"column":null}}},"fnMap":{"0":{"name":"ProjectCard","decl":{"start":{"line":9,"column":24},"end":{"line":9,"column":36}},"loc":{"start":{"line":9,"column":49},"end":{"line":47,"column":null}},"line":9}},"branchMap":{},"s":{"0":62},"f":{"0":62},"b":{},"meta":{"lastBranch":0,"lastFunction":1,"lastStatement":1,"seen":{"f:9:24:9:36":0,"s:10:2:45:Infinity":0},"fnNames":{}}}
,"/Users/devinbajaj/Desktop/projects/genpact-swe/portfolio-site/portfolio-site/src/components/ProjectList.jsx": {"path":"/Users/devinbajaj/Desktop/projects/genpact-swe/portfolio-site/portfolio-site/src/components/ProjectList.jsx","statementMap":{"0":{"start":{"line":15,"column":2},"end":{"line":37,"column":null}},"1":{"start":{"line":33,"column":12},"end":{"line":33,"column":null}}},"fnMap":{"0":{"name":"ProjectList","decl":{"start":{"line":14,"column":24},"end":{"line":14,"column":36}},"loc":{"start":{"line":14,"column":78},"end":{"line":39,"column":null}},"line":14},"1":{"name":"(anonymous_1)","decl":{"start":{"line":32,"column":20},"end":{"line":32,"column":25}},"loc":{"start":{"line":33,"column":12},"end":{"line":33,"column":null}},"line":33}},"branchMap":{"0":{"loc":{"start":{"line":21,"column":7},"end":{"line":35,"column":null}},"type":"cond-expr","locations":[{"start":{"line":23,"column":8},"end":{"line":31,"column":9}},{"start":{"line":31,"column":8},"end":{"line":35,"column":null}}],"line":21}},"s":{"0":36,"1":62},"f":{"0":36,"1":62},"b":{"0":[12,24]},"meta":{"lastBranch":1,"lastFunction":2,"lastStatement":2,"seen":{"f:14:24:14:36":0,"s:15:2:37:Infinity":0,"b:23:8:31:9:31:8:35:Infinity":0,"f:32:20:32:25":1,"s:33:12:33:Infinity":1},"fnNames":{}}}
,"/Users/devinbajaj/Desktop/projects/genpact-swe/portfolio-site/portfolio-site/src/components/SearchBar.jsx": {"path":"/Users/devinbajaj/Desktop/projects/genpact-swe/portfolio-site/portfolio-site/src/components/SearchBar.jsx","statementMap":{"0":{"start":{"line":12,"column":2},"end":{"line":29,"column":null}},"1":{"start":{"line":16,"column":23},"end":{"line":16,"column":null}}},"fnMap":{"0":{"name":"SearchBar","decl":{"start":{"line":11,"column":24},"end":{"line":11,"column":34}},"loc":{"start":{"line":11,"column":55},"end":{"line":31,"column":null}},"line":11},"1":{"name":"(anonymous_1)","decl":{"start":{"line":16,"column":6},"end":{"line":16,"column":17}},"loc":{"start":{"line":16,"column":23},"end":{"line":16,"column":null}},"line":16}},"branchMap":{},"s":{"0":38,"1":29},"f":{"0":38,"1":29},"b":{},"meta":{"lastBranch":0,"lastFunction":2,"lastStatement":2,"seen":{"f:11:24:11:34":0,"s:12:2:29:Infinity":0,"f:16:6:16:17":1,"s:16:23:16:Infinity":1},"fnNames":{}}}
,"/Users/devinbajaj/Desktop/projects/genpact-swe/portfolio-site/portfolio-site/src/data/initialProjects.js": {"path":"/Users/devinbajaj/Desktop/projects/genpact-swe/portfolio-site/portfolio-site/src/data/initialProjects.js","statementMap":{"0":{"start":{"line":4,"column":24},"end":{"line":20,"column":null}}},"fnMap":{},"branchMap":{},"s":{"0":2},"f":{},"b":{},"meta":{"lastBranch":0,"lastFunction":0,"lastStatement":1,"seen":{"s:4:24:20:Infinity":0},"fnNames":{}}}
,"/Users/devinbajaj/Desktop/projects/genpact-swe/portfolio-site/portfolio-site/src/hooks/useProjects.js": {"path":"/Users/devinbajaj/Desktop/projects/genpact-swe/portfolio-site/portfolio-site/src/hooks/useProjects.js","statementMap":{"0":{"start":{"line":12,"column":34},"end":{"line":12,"column":null}},"1":{"start":{"line":13,"column":38},"end":{"line":13,"column":null}},"2":{"start":{"line":18,"column":23},"end":{"line":22,"column":null}},"3":{"start":{"line":23,"column":4},"end":{"line":23,"column":null}},"4":{"start":{"line":23,"column":26},"end":{"line":23,"column":47}},"5":{"start":{"line":28,"column":27},"end":{"line":36,"column":null}},"6":{"start":{"line":29,"column":17},"end":{"line":29,"column":null}},"7":{"start":{"line":30,"column":4},"end":{"line":30,"column":null}},"8":{"start":{"line":30,"column":15},"end":{"line":30,"column":null}},"9":{"start":{"line":31,"column":4},"end":{"line":35,"column":null}},"10":{"start":{"line":33,"column":8},"end":{"line":34,"column":null}},"11":{"start":{"line":38,"column":2},"end":{"line":44,"column":null}}},"fnMap":{"0":{"name":"useProjects","decl":{"start":{"line":11,"column":24},"end":{"line":11,"column":38}},"loc":{"start":{"line":11,"column":38},"end":{"line":45,"column":null}},"line":11},"1":{"name":"addProject","decl":{"start":{"line":17,"column":11},"end":{"line":17,"column":22}},"loc":{"start":{"line":17,"column":46},"end":{"line":24,"column":null}},"line":17},"2":{"name":"(anonymous_2)","decl":{"start":{"line":23,"column":4},"end":{"line":23,"column":17}},"loc":{"start":{"line":23,"column":26},"end":{"line":23,"column":47}},"line":23},"3":{"name":"(anonymous_3)","decl":{"start":{"line":28,"column":27},"end":{"line":28,"column":41}},"loc":{"start":{"line":28,"column":41},"end":{"line":36,"column":5}},"line":28},"4":{"name":"(anonymous_4)","decl":{"start":{"line":31,"column":20},"end":{"line":31,"column":null}},"loc":{"start":{"line":33,"column":8},"end":{"line":34,"column":null}},"line":33}},"branchMap":{"0":{"loc":{"start":{"line":30,"column":4},"end":{"line":30,"column":null}},"type":"if","locations":[{"start":{"line":30,"column":4},"end":{"line":30,"column":null}},{"start":{},"end":{}}],"line":30},"1":{"loc":{"start":{"line":33,"column":8},"end":{"line":34,"column":null}},"type":"binary-expr","locations":[{"start":{"line":33,"column":8},"end":{"line":33,"column":null}},{"start":{"line":34,"column":8},"end":{"line":34,"column":null}}],"line":33}},"s":{"0":44,"1":44,"2":5,"3":5,"4":5,"5":44,"6":44,"7":44,"8":15,"9":29,"10":94,"11":44},"f":{"0":44,"1":5,"2":5,"3":44,"4":94},"b":{"0":[15,29],"1":[94,59]},"meta":{"lastBranch":2,"lastFunction":5,"lastStatement":12,"seen":{"f:11:24:11:38":0,"s:12:34:12:Infinity":0,"s:13:38:13:Infinity":1,"f:17:11:17:22":1,"s:18:23:22:Infinity":2,"s:23:4:23:Infinity":3,"f:23:4:23:17":2,"s:23:26:23:47":4,"s:28:27:36:Infinity":5,"f:28:27:28:41":3,"s:29:17:29:Infinity":6,"b:30:4:30:Infinity:undefined:undefined:undefined:undefined":0,"s:30:4:30:Infinity":7,"s:30:15:30:Infinity":8,"s:31:4:35:Infinity":9,"f:31:20:31:Infinity":4,"s:33:8:34:Infinity":10,"b:33:8:33:Infinity:34:8:34:Infinity":1,"s:38:2:44:Infinity":11},"fnNames":{}}}
,"/Users/devinbajaj/Desktop/projects/genpact-swe/portfolio-site/portfolio-site/src/styles/theme.js": {"path":"/Users/devinbajaj/Desktop/projects/genpact-swe/portfolio-site/portfolio-site/src/styles/theme.js","statementMap":{"0":{"start":{"line":9,"column":21},"end":{"line":19,"column":null}},"1":{"start":{"line":21,"column":14},"end":{"line":67,"column":null}}},"fnMap":{},"branchMap":{},"s":{"0":4,"1":4},"f":{},"b":{},"meta":{"lastBranch":0,"lastFunction":0,"lastStatement":2,"seen":{"s:9:21:19:Infinity":0,"s:21:14:67:Infinity":1},"fnNames":{}}}
,"/Users/devinbajaj/Desktop/projects/genpact-swe/portfolio-site/portfolio-site/src/tests/testUtils.jsx": {"path":"/Users/devinbajaj/Desktop/projects/genpact-swe/portfolio-site/portfolio-site/src/tests/testUtils.jsx","statementMap":{"0":{"start":{"line":10,"column":2},"end":{"line":10,"column":null}}},"fnMap":{"0":{"name":"renderWithTheme","decl":{"start":{"line":9,"column":16},"end":{"line":9,"column":32}},"loc":{"start":{"line":9,"column":45},"end":{"line":11,"column":null}},"line":9}},"branchMap":{},"s":{"0":9},"f":{"0":9},"b":{},"meta":{"lastBranch":0,"lastFunction":1,"lastStatement":1,"seen":{"f:9:16:9:32":0,"s:10:2:10:Infinity":0},"fnNames":{}}}
}
